make all --print-data-base --no-builtin-variables --no-builtin-rules --question
# GNU Make 4.2.1
# Built for x86_64-pc-linux-gnu
# Copyright (C) 1988-2016 Free Software Foundation, Inc.
# License GPLv3+: GNU GPL version 3 or later <http://gnu.org/licenses/gpl.html>
# This is free software: you are free to change and redistribute it.
# There is NO WARRANTY, to the extent permitted by law.

# Make data base, printed on Wed Aug 24 11:26:09 2022

# Variables

# automatic
<D = $(patsubst %/,%,$(dir $<))
# automatic
?F = $(notdir $?)
# environment
DESKTOP_SESSION = plasma
# default
.SHELLFLAGS := -c
# environment
XDG_SESSION_CLASS = user
# environment
XDG_SESSION_TYPE = x11
# makefile (from 'Makefile', line 1)
TARGET = a.out
# automatic
?D = $(patsubst %/,%,$(dir $?))
# environment
GTK_RC_FILES = /etc/gtk/gtkrc:/home/victor/.gtkrc:/home/victor/.config/gtkrc
# automatic
@D = $(patsubst %/,%,$(dir $@))
# environment
XAUTHORITY = /home/victor/.Xauthority
# automatic
@F = $(notdir $@)
# default
MAKE_VERSION := 4.2.1
# makefile
CURDIR := /home/victor/FlappyVic
# makefile
SHELL = /bin/sh
# environment
VSCODE_NLS_CONFIG = {"locale":"pt-br","availableLanguages":{"*":"pt-br"},"_languagePackId":"8e7a008e83c664b9876a8f72ff0490ae.pt-br","_translationsConfigFile":"/home/victor/.config/Code/clp/8e7a008e83c664b9876a8f72ff0490ae.pt-br/tcf.json","_cacheRoot":"/home/victor/.config/Code/clp/8e7a008e83c664b9876a8f72ff0490ae.pt-br","_resolvedLanguagePackCoreLocation":"/home/victor/.config/Code/clp/8e7a008e83c664b9876a8f72ff0490ae.pt-br/e4503b30fc78200f846c62cf8091b76ff5547662","_corruptedFile":"/home/victor/.config/Code/clp/8e7a008e83c664b9876a8f72ff0490ae.pt-br/corrupted.info","_languagePackSupport":true}
# environment
_ = /usr/share/code/code
# environment
QT_AUTO_SCREEN_SCALE_FACTOR = 0
# environment
QT_EXCLUDE_GENERIC_BEARER = 1
# environment
XDG_CONFIG_DIRS = /home/victor/.config/kdedefaults:/etc/xdg/xdg-plasma:/etc/xdg
# makefile (from 'Makefile', line 1)
MAKEFILE_LIST :=  Makefile
# environment
IM_CONFIG_PHASE = 1
# makefile (from 'Makefile', line 3)
DEBUG = -g
# 'override' directive
GNUMAKEFLAGS := 
# makefile (from 'Makefile', line 7)
CXXFLAGS = $(DEBUG) $(OPT) $(WARN) $(SFML)
# environment
MAKELEVEL := 0
# environment
XDG_DATA_DIRS = /usr/share/plasma:/home/victor/.local/share/flatpak/exports/share:/var/lib/flatpak/exports/share:/usr/local/share:/usr/share
# environment
DBUS_SESSION_BUS_ADDRESS = unix:path=/run/user/1000/bus
# environment
XCURSOR_SIZE = 24
# makefile (from 'Makefile', line 9)
OBJS = main.o flappy.o
# environment
LC_NAME = pt_BR.UTF-8
# environment
VSCODE_CWD = /home/victor
# environment
PAM_KWALLET5_LOGIN = /run/user/1000/kwallet5.socket
# environment
XDG_SESSION_PATH = /org/freedesktop/DisplayManager/Session1
# default
MAKE_HOST := x86_64-pc-linux-gnu
# environment
PATH = /usr/local/sbin:/usr/local/bin:/usr/sbin:/usr/bin:/sbin:/bin:/usr/games:/usr/local/games:/snap/bin:/home/victor/.fzf/bin:/home/victor/bin:/usr/lib/jvm/java-11-openjdk-amd64/bin
# makefile (from 'Makefile', line 8)
LD = g++
# environment
MOZ_USE_XINPUT2 = 1
# makefile (from 'Makefile', line 6)
SFML = -lsfml-graphics -lsfml-window -lsfml-system
# environment
GPG_AGENT_INFO = /run/user/1000/gnupg/S.gpg-agent:0:1
# environment
XCURSOR_THEME = breeze_cursors
# environment
LSCOLORS = Gxfxcxdxbxegedabagacad
# environment
SESSION_MANAGER = local/victor-81v7:@/tmp/.ICE-unix/1337,unix/victor-81v7:/tmp/.ICE-unix/1337
# environment
XDG_RUNTIME_DIR = /run/user/1000
# environment
ELECTRON_RUN_AS_NODE = 1
# environment
GTK2_RC_FILES = /etc/gtk-2.0/gtkrc:/home/victor/.gtkrc-2.0:/home/victor/.config/gtkrc-2.0
# default
.FEATURES := target-specific order-only second-expansion else-if shortest-stem undefine oneshell archives jobserver output-sync check-symlink load
# environment
LS_COLORS = 
# environment
XDG_SESSION_DESKTOP = KDE
# environment
SSH_AUTH_SOCK = /tmp/ssh-8O299imKtYpF/agent.1191
# automatic
%F = $(notdir $%)
# environment
DISPLAY = :0
# makefile (from 'Makefile', line 4)
OPT = -O0
# environment
PWD = /home/victor/FlappyVic
# environment
KDE_SESSION_VERSION = 5
# default
.LOADED := 
# environment
XDG_SEAT = seat0
# environment
SSH_AGENT_PID = 1235
# environment
ORIGINAL_XDG_CURRENT_DESKTOP = KDE
# environment
VSCODE_AMD_ENTRYPOINT = vs/workbench/api/node/extensionHostProcess
# environment
HOME = /home/victor
# environment
VSCODE_CODE_CACHE_PATH = /home/victor/.config/Code/CachedData/e4503b30fc78200f846c62cf8091b76ff5547662
# makefile (from 'Makefile', line 5)
WARN = -Wall
# environment
LOGNAME = victor
# environment
APPLICATION_INSIGHTS_NO_DIAGNOSTIC_CHANNEL = true
# automatic
+F = $(notdir $+)
# environment
KDE_FULL_SESSION = true
# environment
ZSH = /home/victor/.oh-my-zsh
# environment
VSCODE_HANDLES_UNCAUGHT_ERRORS = true
# automatic
^D = $(patsubst %/,%,$(dir $^))
# environment
XDG_VTNR = 1
# environment
LC_TIME = pt_BR.UTF-8
# default
MAKE = $(MAKE_COMMAND)
# default
MAKECMDGOALS := all
# environment
SHLVL = 0
# environment
JAVA_HOME = /usr/lib/jvm/java-11-openjdk-amd64
# environment
XDG_SESSION_ID = 3
# environment
USER = victor
# environment
LC_MONETARY = pt_BR.UTF-8
# makefile
.DEFAULT_GOAL := all
# environment
XDG_CURRENT_DESKTOP = KDE
# environment
LESS = -R
# automatic
%D = $(patsubst %/,%,$(dir $%))
# environment
LC_TELEPHONE = pt_BR.UTF-8
# default
MAKE_COMMAND := make
# environment
KDE_APPLICATIONS_AS_SCOPE = 1
# environment
OLDPWD = /home/victor
# default
.VARIABLES := 
# automatic
*F = $(notdir $*)
# environment
LANGUAGE = 
# environment
XDG_SEAT_PATH = /org/freedesktop/DisplayManager/Seat0
# environment
VSCODE_IPC_HOOK = /run/user/1000/vscode-a3af7379-1.70.2-main.sock
# makefile
MAKEFLAGS = pqrR
# environment
MFLAGS = -pqrR
# automatic
*D = $(patsubst %/,%,$(dir $*))
# automatic
+D = $(patsubst %/,%,$(dir $+))
# environment
GDK_BACKEND = x11
# environment
LC_PAPER = pt_BR.UTF-8
# environment
QT_ACCESSIBILITY = 1
# default
MAKEFILES := 
# environment
LC_NUMERIC = pt_BR.UTF-8
# automatic
<F = $(notdir $<)
# makefile (from 'Makefile', line 2)
CXX = g++
# environment
LC_MEASUREMENT = pt_BR.UTF-8
# environment
PAGER = less
# environment
LC_ALL = C
# automatic
^F = $(notdir $^)
# default
SUFFIXES := 
# environment
CHROME_DESKTOP = code-url-handler.desktop
# default
.INCLUDE_DIRS = /usr/include /usr/local/include /usr/include
# environment
LC_IDENTIFICATION = pt_BR.UTF-8
# default
.RECIPEPREFIX := 
# environment
LC_ADDRESS = pt_BR.UTF-8
# environment
LANG = C
# environment
VSCODE_PID = 12183
# environment
KDE_SESSION_UID = 1000
# variable set hash-table stats:
# Load=116/1024=11%, Rehash=0, Collisions=11/151=7%

# Pattern-specific Variable Values

# No pattern-specific variable values.

# Directories

# . (device 66306, inode 10622104): 8 files, no impossibilities.

# 8 files, no impossibilities in 1 directories.

# Implicit Rules

# No implicit rules.

# Files

# Not a target:
flappy.cpp:
#  Implicit rule search has not been done.
#  Modification time never checked.
#  File has not been updated.

all: main.o flappy.o
#  Command line target.
#  Implicit rule search has not been done.
#  File does not exist.
#  File has been updated.
#  Needs to be updated (-q is set).
# variable set hash-table stats:
# Load=0/32=0%, Rehash=0, Collisions=0/9=0%
#  recipe to execute (from 'Makefile', line 11):
	$(LD) -o $(TARGET) $(OBJS) $(CXXFLAGS)
	@rm *.o
	@./$(TARGET)

# Not a target:
.SUFFIXES:
#  Implicit rule search has not been done.
#  Modification time never checked.
#  File has not been updated.

# Not a target:
Makefile:
#  Implicit rule search has been done.
#  Last modified 2022-08-24 11:24:50.799812811
#  File has been updated.
#  Successfully updated.

# Not a target:
main.cpp:
#  Implicit rule search has been done.
#  Last modified 2022-08-24 11:20:46.114244714
#  File has been updated.
#  Successfully updated.

flappy.o: flappy.cpp
#  Implicit rule search has not been done.
#  Modification time never checked.
#  File has not been updated.
#  recipe to execute (from 'Makefile', line 19):
	$(CXX) -c $(CXXFLAGS) flappy.cpp -o flappy.o

# Not a target:
.DEFAULT:
#  Implicit rule search has not been done.
#  Modification time never checked.
#  File has not been updated.

main.o: main.cpp
#  Implicit rule search has not been done.
#  Implicit/static pattern stem: ''
#  File does not exist.
#  File has been updated.
#  Needs to be updated (-q is set).
 
# automatic
# @ := main.o
# automatic
# % := 
# automatic
# * := 
# automatic
# + := main.cpp
# automatic
# | := 
# automatic
# < := main.cpp
# automatic
# ^ := main.cpp
# automatic
# ? := main.cpp
# variable set hash-table stats:
# Load=8/32=25%, Rehash=0, Collisions=2/17=12%
#  recipe to execute (from 'Makefile', line 16):
	$(CXX) -c $(CXXFLAGS) main.cpp -o main.o

# files hash-table stats:
# Load=8/1024=1%, Rehash=0, Collisions=0/26=0%
# VPATH Search Paths

# No 'vpath' search paths.

# No general ('VPATH' variable) search path.

# strcache buffers: 1 (0) / strings = 15 / storage = 134 B / avg = 8 B
# current buf: size = 8162 B / used = 134 B / count = 15 / avg = 8 B

# strcache performance: lookups = 28 / hit rate = 46%
# hash-table stats:
# Load=15/8192=0%, Rehash=0, Collisions=1/28=4%
# Finished Make data base on Wed Aug 24 11:26:09 2022

 
